<?xml version="1.0" encoding="UTF-8"?>
<testng-results ignored="0" total="0" passed="0" failed="0" skipped="0">
  <reporter-output>
  </reporter-output>
  <suite started-at="2020-04-12T03:52:11Z" name="com.nd.selenium_java.HelloWorldTest" finished-at="2020-04-12T03:52:11Z" duration-ms="11">
    <groups>
    </groups>
    <test started-at="2020-04-12T03:52:11Z" name="Command line test" finished-at="2020-04-12T03:52:11Z" duration-ms="11">
    </test> <!-- Command line test -->
  </suite> <!-- com.nd.selenium_java.HelloWorldTest -->
</testng-results>
